<?xml version="1.0" encoding="UTF-8"?>
<coverage generated="1777424052">
  <project timestamp="1777424052" name="Clover Coverage">
    <package name="App\Console\Commands">
      <file name="D:\ESCRITORIO\UNIVERSIDAD\7mo ciclo\PRUEBAS Y CALIDAD DE SOFTWARE\PROYECTO NATURACOR\naturacor\app\Console\Commands\RecomendacionCoocurrencia.php">
        <class name="App\Console\Commands\RecomendacionCoocurrencia" namespace="App\Console\Commands">
          <metrics complexity="6" methods="1" coveredmethods="0" conditionals="0" coveredconditionals="0" statements="26" coveredstatements="25" elements="27" coveredelements="25"/>
        </class>
        <line num="27" type="method" name="handle" visibility="public" complexity="6" crap="6" count="2"/>
        <line num="29" type="stmt" count="2"/>
        <line num="30" type="stmt" count="2"/>
        <line num="31" type="stmt" count="2"/>
        <line num="33" type="stmt" count="2"/>
        <line num="36" type="stmt" count="2"/>
        <line num="37" type="stmt" count="2"/>
        <line num="38" type="stmt" count="2"/>
        <line num="39" type="stmt" count="2"/>
        <line num="40" type="stmt" count="2"/>
        <line num="41" type="stmt" count="1"/>
        <line num="42" type="stmt" count="1"/>
        <line num="44" type="stmt" count="1"/>
        <line num="47" type="stmt" count="1"/>
        <line num="48" type="stmt" count="1"/>
        <line num="49" type="stmt" count="1"/>
        <line num="50" type="stmt" count="1"/>
        <line num="51" type="stmt" count="1"/>
        <line num="52" type="stmt" count="1"/>
        <line num="53" type="stmt" count="1"/>
        <line num="54" type="stmt" count="1"/>
        <line num="55" type="stmt" count="1"/>
        <line num="56" type="stmt" count="1"/>
        <line num="57" type="stmt" count="1"/>
        <line num="59" type="stmt" count="1"/>
        <line num="60" type="stmt" count="0"/>
        <line num="63" type="stmt" count="1"/>
        <metrics loc="66" ncloc="58" classes="1" methods="1" coveredmethods="0" conditionals="0" coveredconditionals="0" statements="26" coveredstatements="25" elements="27" coveredelements="25"/>
      </file>
      <file name="D:\ESCRITORIO\UNIVERSIDAD\7mo ciclo\PRUEBAS Y CALIDAD DE SOFTWARE\PROYECTO NATURACOR\naturacor\app\Console\Commands\ReiniciarFidelizacion.php">
        <class name="App\Console\Commands\ReiniciarFidelizacion" namespace="App\Console\Commands">
          <metrics complexity="1" methods="1" coveredmethods="0" conditionals="0" coveredconditionals="0" statements="4" coveredstatements="0" elements="5" coveredelements="0"/>
        </class>
        <line num="16" type="method" name="handle" visibility="public" complexity="1" crap="2" count="0"/>
        <line num="18" type="stmt" count="0"/>
        <line num="19" type="stmt" count="0"/>
        <line num="20" type="stmt" count="0"/>
        <line num="22" type="stmt" count="0"/>
        <metrics loc="25" ncloc="22" classes="1" methods="1" coveredmethods="0" conditionals="0" coveredconditionals="0" statements="4" coveredstatements="0" elements="5" coveredelements="0"/>
      </file>
    </package>
    <package name="App\Exports">
      <file name="D:\ESCRITORIO\UNIVERSIDAD\7mo ciclo\PRUEBAS Y CALIDAD DE SOFTWARE\PROYECTO NATURACOR\naturacor\app\Exports\EnfermedadesExport.php">
        <class name="App\Exports\EnfermedadesExport" namespace="App\Exports">
          <metrics complexity="4" methods="4" coveredmethods="4" conditionals="0" coveredconditionals="0" statements="28" coveredstatements="28" elements="32" coveredelements="32"/>
        </class>
        <line num="25" type="method" name="collection" visibility="public" complexity="1" crap="1" count="1"/>
        <line num="27" type="stmt" count="1"/>
        <line num="28" type="stmt" count="1"/>
        <line num="29" type="stmt" count="1"/>
        <line num="30" type="stmt" count="1"/>
        <line num="31" type="stmt" count="1"/>
        <line num="32" type="stmt" count="1"/>
        <line num="33" type="stmt" count="1"/>
        <line num="34" type="stmt" count="1"/>
        <line num="35" type="stmt" count="1"/>
        <line num="36" type="stmt" count="1"/>
        <line num="39" type="method" name="headings" visibility="public" complexity="1" crap="1" count="1"/>
        <line num="41" type="stmt" count="1"/>
        <line num="42" type="stmt" count="1"/>
        <line num="43" type="stmt" count="1"/>
        <line num="44" type="stmt" count="1"/>
        <line num="45" type="stmt" count="1"/>
        <line num="46" type="stmt" count="1"/>
        <line num="49" type="method" name="styles" visibility="public" complexity="1" crap="1" count="1"/>
        <line num="51" type="stmt" count="1"/>
        <line num="52" type="stmt" count="1"/>
        <line num="53" type="stmt" count="1"/>
        <line num="54" type="stmt" count="1"/>
        <line num="55" type="stmt" count="1"/>
        <line num="56" type="stmt" count="1"/>
        <line num="59" type="method" name="columnWidths" visibility="public" complexity="1" crap="1" count="1"/>
        <line num="61" type="stmt" count="1"/>
        <line num="62" type="stmt" count="1"/>
        <line num="63" type="stmt" count="1"/>
        <line num="64" type="stmt" count="1"/>
        <line num="65" type="stmt" count="1"/>
        <line num="66" type="stmt" count="1"/>
        <metrics loc="69" ncloc="56" classes="1" methods="4" coveredmethods="4" conditionals="0" coveredconditionals="0" statements="28" coveredstatements="28" elements="32" coveredelements="32"/>
      </file>
      <file name="D:\ESCRITORIO\UNIVERSIDAD\7mo ciclo\PRUEBAS Y CALIDAD DE SOFTWARE\PROYECTO NATURACOR\naturacor\app\Exports\ProductosExport.php">
        <class name="App\Exports\ProductosExport" namespace="App\Exports">
          <metrics complexity="5" methods="4" coveredmethods="0" conditionals="0" coveredconditionals="0" statements="36" coveredstatements="0" elements="40" coveredelements="0"/>
        </class>
        <line num="15" type="method" name="collection" visibility="public" complexity="2" crap="6" count="0"/>
        <line num="17" type="stmt" count="0"/>
        <line num="18" type="stmt" count="0"/>
        <line num="19" type="stmt" count="0"/>
        <line num="20" type="stmt" count="0"/>
        <line num="21" type="stmt" count="0"/>
        <line num="22" type="stmt" count="0"/>
        <line num="23" type="stmt" count="0"/>
        <line num="24" type="stmt" count="0"/>
        <line num="25" type="stmt" count="0"/>
        <line num="26" type="stmt" count="0"/>
        <line num="27" type="stmt" count="0"/>
        <line num="28" type="stmt" count="0"/>
        <line num="29" type="stmt" count="0"/>
        <line num="30" type="stmt" count="0"/>
        <line num="33" type="method" name="headings" visibility="public" complexity="1" crap="2" count="0"/>
        <line num="35" type="stmt" count="0"/>
        <line num="36" type="stmt" count="0"/>
        <line num="37" type="stmt" count="0"/>
        <line num="38" type="stmt" count="0"/>
        <line num="39" type="stmt" count="0"/>
        <line num="40" type="stmt" count="0"/>
        <line num="41" type="stmt" count="0"/>
        <line num="42" type="stmt" count="0"/>
        <line num="43" type="stmt" count="0"/>
        <line num="44" type="stmt" count="0"/>
        <line num="45" type="stmt" count="0"/>
        <line num="48" type="method" name="styles" visibility="public" complexity="1" crap="2" count="0"/>
        <line num="50" type="stmt" count="0"/>
        <line num="51" type="stmt" count="0"/>
        <line num="52" type="stmt" count="0"/>
        <line num="53" type="stmt" count="0"/>
        <line num="54" type="stmt" count="0"/>
        <line num="55" type="stmt" count="0"/>
        <line num="58" type="method" name="columnWidths" visibility="public" complexity="1" crap="2" count="0"/>
        <line num="60" type="stmt" count="0"/>
        <line num="61" type="stmt" count="0"/>
        <line num="62" type="stmt" count="0"/>
        <line num="63" type="stmt" count="0"/>
        <line num="64" type="stmt" count="0"/>
        <metrics loc="67" ncloc="67" classes="1" methods="4" coveredmethods="0" conditionals="0" coveredconditionals="0" statements="36" coveredstatements="0" elements="40" coveredelements="0"/>
      </file>
    </package>
    <file name="D:\ESCRITORIO\UNIVERSIDAD\7mo ciclo\PRUEBAS Y CALIDAD DE SOFTWARE\PROYECTO NATURACOR\naturacor\app\Helpers\image_helpers.php">
      <line num="33" type="stmt" count="10"/>
      <line num="34" type="stmt" count="5"/>
      <line num="36" type="stmt" count="5"/>
      <line num="39" type="stmt" count="10"/>
      <line num="40" type="stmt" count="5"/>
      <line num="44" type="stmt" count="6"/>
      <line num="45" type="stmt" count="4"/>
      <line num="49" type="stmt" count="3"/>
      <line num="61" type="stmt" count="1"/>
      <metrics loc="63" ncloc="30" classes="0" methods="0" coveredmethods="0" conditionals="0" coveredconditionals="0" statements="9" coveredstatements="9" elements="9" coveredelements="9"/>
    </file>
    <package name="App\Http\Controllers\Auth">
      <file name="D:\ESCRITORIO\UNIVERSIDAD\7mo ciclo\PRUEBAS Y CALIDAD DE SOFTWARE\PROYECTO NATURACOR\naturacor\app\Http\Controllers\Auth\AuthenticatedSessionController.php">
        <class name="App\Http\Controllers\Auth\AuthenticatedSessionController" namespace="App\Http\Controllers\Auth">
          <metrics complexity="3" methods="3" coveredmethods="3" conditionals="0" coveredconditionals="0" statements="8" coveredstatements="8" elements="11" coveredelements="11"/>
        </class>
        <line num="17" type="method" name="create" visibility="public" complexity="1" crap="1" count="1"/>
        <line num="19" type="stmt" count="1"/>
        <line num="25" type="method" name="store" visibility="public" complexity="1" crap="1" count="4"/>
        <line num="27" type="stmt" count="4"/>
        <line num="29" type="stmt" count="1"/>
        <line num="31" type="stmt" count="1"/>
        <line num="37" type="method" name="destroy" visibility="public" complexity="1" crap="1" count="1"/>
        <line num="39" type="stmt" count="1"/>
        <line num="41" type="stmt" count="1"/>
        <line num="43" type="stmt" count="1"/>
        <line num="45" type="stmt" count="1"/>
        <metrics loc="48" ncloc="39" classes="1" methods="3" coveredmethods="3" conditionals="0" coveredconditionals="0" statements="8" coveredstatements="8" elements="11" coveredelements="11"/>
      </file>
      <file name="D:\ESCRITORIO\UNIVERSIDAD\7mo ciclo\PRUEBAS Y CALIDAD DE SOFTWARE\PROYECTO NATURACOR\naturacor\app\Http\Controllers\Auth\ConfirmablePasswordController.php">
        <class name="App\Http\Controllers\Auth\ConfirmablePasswordController" namespace="App\Http\Controllers\Auth">
          <metrics complexity="3" methods="2" coveredmethods="0" conditionals="0" coveredconditionals="0" statements="10" coveredstatements="0" elements="12" coveredelements="0"/>
        </class>
        <line num="17" type="method" name="show" visibility="public" complexity="1" crap="2" count="0"/>
        <line num="19" type="stmt" count="0"/>
        <line num="25" type="method" name="store" visibility="public" complexity="2" crap="6" count="0"/>
        <line num="27" type="stmt" count="0"/>
        <line num="28" type="stmt" count="0"/>
        <line num="29" type="stmt" count="0"/>
        <line num="30" type="stmt" count="0"/>
        <line num="31" type="stmt" count="0"/>
        <line num="32" type="stmt" count="0"/>
        <line num="33" type="stmt" count="0"/>
        <line num="36" type="stmt" count="0"/>
        <line num="38" type="stmt" count="0"/>
        <metrics loc="41" ncloc="35" classes="1" methods="2" coveredmethods="0" conditionals="0" coveredconditionals="0" statements="10" coveredstatements="0" elements="12" coveredelements="0"/>
      </file>
      <file name="D:\ESCRITORIO\UNIVERSIDAD\7mo ciclo\PRUEBAS Y CALIDAD DE SOFTWARE\PROYECTO NATURACOR\naturacor\app\Http\Controllers\Auth\EmailVerificationNotificationController.php">
        <class name="App\Http\Controllers\Auth\EmailVerificationNotificationController" namespace="App\Http\Controllers\Auth">
          <metrics complexity="2" methods="1" coveredmethods="0" conditionals="0" coveredconditionals="0" statements="4" coveredstatements="0" elements="5" coveredelements="0"/>
        </class>
        <line num="14" type="method" name="store" visibility="public" complexity="2" crap="6" count="0"/>
        <line num="16" type="stmt" count="0"/>
        <line num="17" type="stmt" count="0"/>
        <line num="20" type="stmt" count="0"/>
        <line num="22" type="stmt" count="0"/>
        <metrics loc="25" ncloc="22" classes="1" methods="1" coveredmethods="0" conditionals="0" coveredconditionals="0" statements="4" coveredstatements="0" elements="5" coveredelements="0"/>
      </file>
      <file name="D:\ESCRITORIO\UNIVERSIDAD\7mo ciclo\PRUEBAS Y CALIDAD DE SOFTWARE\PROYECTO NATURACOR\naturacor\app\Http\Controllers\Auth\EmailVerificationPromptController.php">
        <class name="App\Http\Controllers\Auth\EmailVerificationPromptController" namespace="App\Http\Controllers\Auth">
          <metrics complexity="2" methods="1" coveredmethods="0" conditionals="0" coveredconditionals="0" statements="3" coveredstatements="0" elements="4" coveredelements="0"/>
        </class>
        <line num="15" type="method" name="__invoke" visibility="public" complexity="2" crap="6" count="0"/>
        <line num="17" type="stmt" count="0"/>
        <line num="18" type="stmt" count="0"/>
        <line num="19" type="stmt" count="0"/>
        <metrics loc="22" ncloc="19" classes="1" methods="1" coveredmethods="0" conditionals="0" coveredconditionals="0" statements="3" coveredstatements="0" elements="4" coveredelements="0"/>
      </file>
      <file name="D:\ESCRITORIO\UNIVERSIDAD\7mo ciclo\PRUEBAS Y CALIDAD DE SOFTWARE\PROYECTO NATURACOR\naturacor\app\Http\Controllers\Auth\NewPasswordController.php">
        <class name="App\Http\Controllers\Auth\NewPasswordController" namespace="App\Http\Controllers\Auth">
          <metrics complexity="3" methods="2" coveredmethods="0" conditionals="0" coveredconditionals="0" statements="20" coveredstatements="0" elements="22" coveredelements="0"/>
        </class>
        <line num="22" type="method" name="create" visibility="public" complexity="1" crap="2" count="0"/>
        <line num="24" type="stmt" count="0"/>
        <line num="32" type="method" name="store" visibility="public" complexity="2" crap="6" count="0"/>
        <line num="34" type="stmt" count="0"/>
        <line num="35" type="stmt" count="0"/>
        <line num="36" type="stmt" count="0"/>
        <line num="37" type="stmt" count="0"/>
        <line num="38" type="stmt" count="0"/>
        <line num="43" type="stmt" count="0"/>
        <line num="44" type="stmt" count="0"/>
        <line num="45" type="stmt" count="0"/>
        <line num="46" type="stmt" count="0"/>
        <line num="47" type="stmt" count="0"/>
        <line num="48" type="stmt" count="0"/>
        <line num="49" type="stmt" count="0"/>
        <line num="51" type="stmt" count="0"/>
        <line num="52" type="stmt" count="0"/>
        <line num="53" type="stmt" count="0"/>
        <line num="58" type="stmt" count="0"/>
        <line num="59" type="stmt" count="0"/>
        <line num="60" type="stmt" count="0"/>
        <line num="61" type="stmt" count="0"/>
        <metrics loc="64" ncloc="50" classes="1" methods="2" coveredmethods="0" conditionals="0" coveredconditionals="0" statements="20" coveredstatements="0" elements="22" coveredelements="0"/>
      </file>
      <file name="D:\ESCRITORIO\UNIVERSIDAD\7mo ciclo\PRUEBAS Y CALIDAD DE SOFTWARE\PROYECTO NATURACOR\naturacor\app\Http\Controllers\Auth\PasswordController.php">
        <class name="App\Http\Controllers\Auth\PasswordController" namespace="App\Http\Controllers\Auth">
          <metrics complexity="1" methods="1" coveredmethods="0" conditionals="0" coveredconditionals="0" statements="8" coveredstatements="0" elements="9" coveredelements="0"/>
        </class>
        <line num="16" type="method" name="update" visibility="public" complexity="1" crap="2" count="0"/>
        <line num="18" type="stmt" count="0"/>
        <line num="19" type="stmt" count="0"/>
        <line num="20" type="stmt" count="0"/>
        <line num="21" type="stmt" count="0"/>
        <line num="23" type="stmt" count="0"/>
        <line num="24" type="stmt" count="0"/>
        <line num="25" type="stmt" count="0"/>
        <line num="27" type="stmt" count="0"/>
        <metrics loc="30" ncloc="27" classes="1" methods="1" coveredmethods="0" conditionals="0" coveredconditionals="0" statements="8" coveredstatements="0" elements="9" coveredelements="0"/>
      </file>
      <file name="D:\ESCRITORIO\UNIVERSIDAD\7mo ciclo\PRUEBAS Y CALIDAD DE SOFTWARE\PROYECTO NATURACOR\naturacor\app\Http\Controllers\Auth\PasswordResetLinkController.php">
        <class name="App\Http\Controllers\Auth\PasswordResetLinkController" namespace="App\Http\Controllers\Auth">
          <metrics complexity="3" methods="2" coveredmethods="0" conditionals="0" coveredconditionals="0" statements="11" coveredstatements="0" elements="13" coveredelements="0"/>
        </class>
        <line num="17" type="method" name="create" visibility="public" complexity="1" crap="2" count="0"/>
        <line num="19" type="stmt" count="0"/>
        <line num="27" type="method" name="store" visibility="public" complexity="2" crap="6" count="0"/>
        <line num="29" type="stmt" count="0"/>
        <line num="30" type="stmt" count="0"/>
        <line num="31" type="stmt" count="0"/>
        <line num="36" type="stmt" count="0"/>
        <line num="37" type="stmt" count="0"/>
        <line num="38" type="stmt" count="0"/>
        <line num="40" type="stmt" count="0"/>
        <line num="41" type="stmt" count="0"/>
        <line num="42" type="stmt" count="0"/>
        <line num="43" type="stmt" count="0"/>
        <metrics loc="46" ncloc="35" classes="1" methods="2" coveredmethods="0" conditionals="0" coveredconditionals="0" statements="11" coveredstatements="0" elements="13" coveredelements="0"/>
      </file>
      <file name="D:\ESCRITORIO\UNIVERSIDAD\7mo ciclo\PRUEBAS Y CALIDAD DE SOFTWARE\PROYECTO NATURACOR\naturacor\app\Http\Controllers\Auth\RegisteredUserController.php">
        <class name="App\Http\Controllers\Auth\RegisteredUserController" namespace="App\Http\Controllers\Auth">
          <metrics complexity="2" methods="2" coveredmethods="0" conditionals="0" coveredconditionals="0" statements="14" coveredstatements="0" elements="16" coveredelements="0"/>
        </class>
        <line num="21" type="method" name="create" visibility="public" complexity="1" crap="2" count="0"/>
        <line num="23" type="stmt" count="0"/>
        <line num="31" type="method" name="store" visibility="public" complexity="1" crap="2" count="0"/>
        <line num="33" type="stmt" count="0"/>
        <line num="34" type="stmt" count="0"/>
        <line num="35" type="stmt" count="0"/>
        <line num="36" type="stmt" count="0"/>
        <line num="37" type="stmt" count="0"/>
        <line num="39" type="stmt" count="0"/>
        <line num="40" type="stmt" count="0"/>
        <line num="41" type="stmt" count="0"/>
        <line num="42" type="stmt" count="0"/>
        <line num="43" type="stmt" count="0"/>
        <line num="45" type="stmt" count="0"/>
        <line num="47" type="stmt" count="0"/>
        <line num="49" type="stmt" count="0"/>
        <metrics loc="52" ncloc="44" classes="1" methods="2" coveredmethods="0" conditionals="0" coveredconditionals="0" statements="14" coveredstatements="0" elements="16" coveredelements="0"/>
      </file>
      <file name="D:\ESCRITORIO\UNIVERSIDAD\7mo ciclo\PRUEBAS Y CALIDAD DE SOFTWARE\PROYECTO NATURACOR\naturacor\app\Http\Controllers\Auth\VerifyEmailController.php">
        <class name="App\Http\Controllers\Auth\VerifyEmailController" namespace="App\Http\Controllers\Auth">
          <metrics complexity="3" methods="1" coveredmethods="0" conditionals="0" coveredconditionals="0" statements="5" coveredstatements="0" elements="6" coveredelements="0"/>
        </class>
        <line num="15" type="method" name="__invoke" visibility="public" complexity="3" crap="12" count="0"/>
        <line num="17" type="stmt" count="0"/>
        <line num="18" type="stmt" count="0"/>
        <line num="21" type="stmt" count="0"/>
        <line num="22" type="stmt" count="0"/>
        <line num="25" type="stmt" count="0"/>
        <metrics loc="28" ncloc="25" classes="1" methods="1" coveredmethods="0" conditionals="0" coveredconditionals="0" statements="5" coveredstatements="0" elements="6" coveredelements="0"/>
      </file>
    </package>
    <package name="App\Http\Controllers">
      <file name="D:\ESCRITORIO\UNIVERSIDAD\7mo ciclo\PRUEBAS Y CALIDAD DE SOFTWARE\PROYECTO NATURACOR\naturacor\app\Http\Controllers\BoletaController.php">
        <class name="App\Http\Controllers\BoletaController" namespace="App\Http\Controllers">
          <metrics complexity="9" methods="5" coveredmethods="3" conditionals="0" coveredconditionals="0" statements="33" coveredstatements="12" elements="38" coveredelements="15"/>
        </class>
        <line num="12" type="method" name="show" visibility="public" complexity="1" crap="1" count="1"/>
        <line num="14" type="stmt" count="1"/>
        <line num="15" type="stmt" count="1"/>
        <line num="18" type="method" name="pdf" visibility="public" complexity="1" crap="1" count="1"/>
        <line num="20" type="stmt" count="1"/>
        <line num="21" type="stmt" count="1"/>
        <line num="22" type="stmt" count="1"/>
        <line num="23" type="stmt" count="1"/>
        <line num="29" type="method" name="ticket" visibility="public" complexity="1" crap="1" count="1"/>
        <line num="31" type="stmt" count="1"/>
        <line num="32" type="stmt" count="1"/>
        <line num="35" type="method" name="whatsapp" visibility="public" complexity="3" crap="4.94" count="1"/>
        <line num="37" type="stmt" count="1"/>
        <line num="40" type="stmt" count="1"/>
        <line num="41" type="stmt" count="1"/>
        <line num="42" type="stmt" count="1"/>
        <line num="45" type="stmt" count="0"/>
        <line num="47" type="stmt" count="0"/>
        <line num="48" type="stmt" count="0"/>
        <line num="49" type="stmt" count="0"/>
        <line num="51" type="stmt" count="0"/>
        <line num="52" type="stmt" count="0"/>
        <line num="55" type="method" name="generarTextoWhatsapp" visibility="private" complexity="3" crap="12" count="0"/>
        <line num="57" type="stmt" count="0"/>
        <line num="58" type="stmt" count="0"/>
        <line num="59" type="stmt" count="0"/>
        <line num="60" type="stmt" count="0"/>
        <line num="61" type="stmt" count="0"/>
        <line num="62" type="stmt" count="0"/>
        <line num="63" type="stmt" count="0"/>
        <line num="65" type="stmt" count="0"/>
        <line num="66" type="stmt" count="0"/>
        <line num="67" type="stmt" count="0"/>
        <line num="68" type="stmt" count="0"/>
        <line num="69" type="stmt" count="0"/>
        <line num="70" type="stmt" count="0"/>
        <line num="71" type="stmt" count="0"/>
        <line num="72" type="stmt" count="0"/>
        <metrics loc="75" ncloc="69" classes="1" methods="5" coveredmethods="3" conditionals="0" coveredconditionals="0" statements="33" coveredstatements="12" elements="38" coveredelements="15"/>
      </file>
      <file name="D:\ESCRITORIO\UNIVERSIDAD\7mo ciclo\PRUEBAS Y CALIDAD DE SOFTWARE\PROYECTO NATURACOR\naturacor\app\Http\Controllers\CajaController.php">
        <class name="App\Http\Controllers\CajaController" namespace="App\Http\Controllers">
          <metrics complexity="11" methods="5" coveredmethods="3" conditionals="0" coveredconditionals="0" statements="55" coveredstatements="30" elements="60" coveredelements="33"/>
        </class>
        <line num="13" type="method" name="index" visibility="public" complexity="1" crap="1" count="1"/>
        <line num="15" type="stmt" count="1"/>
        <line num="16" type="stmt" count="1"/>
        <line num="17" type="stmt" count="1"/>
        <line num="18" type="stmt" count="1"/>
        <line num="19" type="stmt" count="1"/>
        <line num="20" type="stmt" count="1"/>
        <line num="21" type="stmt" count="1"/>
        <line num="22" type="stmt" count="1"/>
        <line num="23" type="stmt" count="1"/>
        <line num="26" type="method" name="abrir" visibility="public" complexity="2" crap="2.00" count="4"/>
        <line num="28" type="stmt" count="4"/>
        <line num="30" type="stmt" count="3"/>
        <line num="31" type="stmt" count="3"/>
        <line num="32" type="stmt" count="0"/>
        <line num="35" type="stmt" count="3"/>
        <line num="36" type="stmt" count="3"/>
        <line num="37" type="stmt" count="3"/>
        <line num="38" type="stmt" count="3"/>
        <line num="39" type="stmt" count="3"/>
        <line num="40" type="stmt" count="3"/>
        <line num="42" type="stmt" count="3"/>
        <line num="45" type="method" name="movimiento" visibility="public" complexity="6" crap="42" count="0"/>
        <line num="47" type="stmt" count="0"/>
        <line num="48" type="stmt" count="0"/>
        <line num="49" type="stmt" count="0"/>
        <line num="50" type="stmt" count="0"/>
        <line num="51" type="stmt" count="0"/>
        <line num="52" type="stmt" count="0"/>
        <line num="54" type="stmt" count="0"/>
        <line num="56" type="stmt" count="0"/>
        <line num="57" type="stmt" count="0"/>
        <line num="58" type="stmt" count="0"/>
        <line num="59" type="stmt" count="0"/>
        <line num="60" type="stmt" count="0"/>
        <line num="61" type="stmt" count="0"/>
        <line num="62" type="stmt" count="0"/>
        <line num="63" type="stmt" count="0"/>
        <line num="66" type="stmt" count="0"/>
        <line num="67" type="stmt" count="0"/>
        <line num="68" type="stmt" count="0"/>
        <line num="69" type="stmt" count="0"/>
        <line num="70" type="stmt" count="0"/>
        <line num="71" type="stmt" count="0"/>
        <line num="72" type="stmt" count="0"/>
        <line num="74" type="stmt" count="0"/>
        <line num="77" type="stmt" count="0"/>
        <line num="80" type="method" name="cerrar" visibility="public" complexity="1" crap="1" count="1"/>
        <line num="82" type="stmt" count="1"/>
        <line num="84" type="stmt" count="1"/>
        <line num="85" type="stmt" count="1"/>
        <line num="86" type="stmt" count="1"/>
        <line num="87" type="stmt" count="1"/>
        <line num="88" type="stmt" count="1"/>
        <line num="89" type="stmt" count="1"/>
        <line num="90" type="stmt" count="1"/>
        <line num="92" type="stmt" count="1"/>
        <line num="95" type="method" name="show" visibility="public" complexity="1" crap="1" count="1"/>
        <line num="97" type="stmt" count="1"/>
        <line num="98" type="stmt" count="1"/>
        <metrics loc="101" ncloc="100" classes="1" methods="5" coveredmethods="3" conditionals="0" coveredconditionals="0" statements="55" coveredstatements="30" elements="60" coveredelements="33"/>
      </file>
      <file name="D:\ESCRITORIO\UNIVERSIDAD\7mo ciclo\PRUEBAS Y CALIDAD DE SOFTWARE\PROYECTO NATURACOR\naturacor\app\Http\Controllers\CatalogoController.php">
        <class name="App\Http\Controllers\CatalogoController" namespace="App\Http\Controllers">
          <metrics complexity="1" methods="1" coveredmethods="1" conditionals="0" coveredconditionals="0" statements="14" coveredstatements="14" elements="15" coveredelements="15"/>
        </class>
        <line num="10" type="method" name="index" visibility="public" complexity="1" crap="1" count="4"/>
        <line num="12" type="stmt" count="4"/>
        <line num="13" type="stmt" count="4"/>
        <line num="14" type="stmt" count="4"/>
        <line num="15" type="stmt" count="4"/>
        <line num="16" type="stmt" count="4"/>
        <line num="18" type="stmt" count="4"/>
        <line num="19" type="stmt" count="4"/>
        <line num="20" type="stmt" count="4"/>
        <line num="21" type="stmt" count="4"/>
        <line num="22" type="stmt" count="4"/>
        <line num="23" type="stmt" count="4"/>
        <line num="24" type="stmt" count="4"/>
        <line num="26" type="stmt" count="4"/>
        <line num="28" type="stmt" count="4"/>
        <metrics loc="31" ncloc="31" classes="1" methods="1" coveredmethods="1" conditionals="0" coveredconditionals="0" statements="14" coveredstatements="14" elements="15" coveredelements="15"/>
      </file>
      <file name="D:\ESCRITORIO\UNIVERSIDAD\7mo ciclo\PRUEBAS Y CALIDAD DE SOFTWARE\PROYECTO NATURACOR\naturacor\app\Http\Controllers\ClienteController.php">
        <class name="App\Http\Controllers\ClienteController" namespace="App\Http\Controllers">
          <metrics complexity="20" methods="14" coveredmethods="9" conditionals="0" coveredconditionals="0" statements="119" coveredstatements="60" elements="133" coveredelements="69"/>
        </class>
        <line num="14" type="method" name="index" visibility="public" complexity="2" crap="2" count="3"/>
        <line num="16" type="stmt" count="3"/>
        <line num="17" type="stmt" count="3"/>
        <line num="18" type="stmt" count="3"/>
        <line num="20" type="stmt" count="3"/>
        <line num="21" type="stmt" count="3"/>
        <line num="22" type="stmt" count="3"/>
        <line num="23" type="stmt" count="3"/>
        <line num="24" type="stmt" count="3"/>
        <line num="25" type="stmt" count="3"/>
        <line num="26" type="stmt" count="1"/>
        <line num="27" type="stmt" count="1"/>
        <line num="28" type="stmt" count="1"/>
        <line num="29" type="stmt" count="1"/>
        <line num="30" type="stmt" count="1"/>
        <line num="32" type="stmt" count="3"/>
        <line num="33" type="stmt" count="3"/>
        <line num="36" type="method" name="create" visibility="public" complexity="1" crap="1" count="1"/>
        <line num="38" type="method" name="store" visibility="public" complexity="2" crap="2" count="4"/>
        <line num="40" type="stmt" count="4"/>
        <line num="41" type="stmt" count="4"/>
        <line num="42" type="stmt" count="4"/>
        <line num="43" type="stmt" count="4"/>
        <line num="44" type="stmt" count="4"/>
        <line num="45" type="stmt" count="4"/>
        <line num="46" type="stmt" count="2"/>
        <line num="47" type="stmt" count="2"/>
        <line num="48" type="stmt" count="1"/>
        <line num="50" type="stmt" count="1"/>
        <line num="53" type="method" name="show" visibility="public" complexity="1" crap="1" count="1"/>
        <line num="55" type="stmt" count="1"/>
        <line num="56" type="stmt" count="1"/>
        <line num="57" type="stmt" count="1"/>
        <line num="58" type="stmt" count="1"/>
        <line num="61" type="method" name="edit" visibility="public" complexity="1" crap="1" count="1"/>
        <line num="63" type="method" name="update" visibility="public" complexity="1" crap="1" count="2"/>
        <line num="65" type="stmt" count="2"/>
        <line num="66" type="stmt" count="2"/>
        <line num="67" type="stmt" count="2"/>
        <line num="68" type="stmt" count="2"/>
        <line num="69" type="stmt" count="2"/>
        <line num="70" type="stmt" count="1"/>
        <line num="71" type="stmt" count="1"/>
        <line num="74" type="method" name="destroy" visibility="public" complexity="1" crap="1" count="1"/>
        <line num="76" type="stmt" count="1"/>
        <line num="77" type="stmt" count="1"/>
        <line num="81" type="method" name="buscarDni" visibility="public" complexity="2" crap="2" count="2"/>
        <line num="83" type="stmt" count="2"/>
        <line num="84" type="stmt" count="2"/>
        <line num="85" type="stmt" count="1"/>
        <line num="87" type="stmt" count="1"/>
        <line num="90" type="method" name="autocompletar" visibility="public" complexity="2" crap="2" count="2"/>
        <line num="92" type="stmt" count="2"/>
        <line num="93" type="stmt" count="2"/>
        <line num="94" type="stmt" count="1"/>
        <line num="97" type="stmt" count="1"/>
        <line num="98" type="stmt" count="1"/>
        <line num="99" type="stmt" count="1"/>
        <line num="100" type="stmt" count="1"/>
        <line num="101" type="stmt" count="1"/>
        <line num="102" type="stmt" count="1"/>
        <line num="104" type="stmt" count="1"/>
        <line num="105" type="stmt" count="1"/>
        <line num="106" type="stmt" count="1"/>
        <line num="107" type="stmt" count="1"/>
        <line num="108" type="stmt" count="1"/>
        <line num="109" type="stmt" count="1"/>
        <line num="111" type="method" name="padecimientos" visibility="public" complexity="1" crap="2" count="0"/>
        <line num="113" type="stmt" count="0"/>
        <line num="114" type="stmt" count="0"/>
        <line num="115" type="stmt" count="0"/>
        <line num="116" type="stmt" count="0"/>
        <line num="117" type="stmt" count="0"/>
        <line num="118" type="stmt" count="0"/>
        <line num="119" type="stmt" count="0"/>
        <line num="121" type="stmt" count="0"/>
        <line num="122" type="stmt" count="0"/>
        <line num="123" type="stmt" count="0"/>
        <line num="125" type="stmt" count="0"/>
        <line num="126" type="stmt" count="0"/>
        <line num="127" type="stmt" count="0"/>
        <line num="128" type="stmt" count="0"/>
        <line num="131" type="method" name="guardarPadecimientos" visibility="public" complexity="3" crap="12" count="0"/>
        <line num="137" type="stmt" count="0"/>
        <line num="138" type="stmt" count="0"/>
        <line num="139" type="stmt" count="0"/>
        <line num="140" type="stmt" count="0"/>
        <line num="142" type="stmt" count="0"/>
        <line num="145" type="stmt" count="0"/>
        <line num="146" type="stmt" count="0"/>
        <line num="147" type="stmt" count="0"/>
        <line num="149" type="stmt" count="0"/>
        <line num="150" type="stmt" count="0"/>
        <line num="151" type="stmt" count="0"/>
        <line num="152" type="stmt" count="0"/>
        <line num="153" type="stmt" count="0"/>
        <line num="154" type="stmt" count="0"/>
        <line num="155" type="stmt" count="0"/>
        <line num="164" type="stmt" count="0"/>
        <line num="165" type="stmt" count="0"/>
        <line num="166" type="stmt" count="0"/>
        <line num="167" type="stmt" count="0"/>
        <line num="168" type="stmt" count="0"/>
        <line num="169" type="stmt" count="0"/>
        <line num="170" type="stmt" count="0"/>
        <line num="173" type="stmt" count="0"/>
        <line num="174" type="stmt" count="0"/>
        <line num="175" type="stmt" count="0"/>
        <line num="176" type="stmt" count="0"/>
        <line num="177" type="stmt" count="0"/>
        <line num="178" type="stmt" count="0"/>
        <line num="179" type="stmt" count="0"/>
        <line num="181" type="stmt" count="0"/>
        <line num="183" type="method" name="enfermedades" visibility="public" complexity="1" crap="2" count="0"/>
        <line num="185" type="stmt" count="0"/>
        <line num="186" type="stmt" count="0"/>
        <line num="187" type="stmt" count="0"/>
        <line num="190" type="method" name="enfermedadesStore" visibility="public" complexity="1" crap="2" count="0"/>
        <line num="192" type="stmt" count="0"/>
        <line num="193" type="stmt" count="0"/>
        <line num="194" type="stmt" count="0"/>
        <line num="196" type="stmt" count="0"/>
        <line num="197" type="stmt" count="0"/>
        <line num="198" type="stmt" count="0"/>
        <line num="199" type="stmt" count="0"/>
        <line num="201" type="stmt" count="0"/>
        <line num="202" type="stmt" count="0"/>
        <line num="205" type="method" name="enfermedadesDestroy" visibility="public" complexity="1" crap="2" count="0"/>
        <line num="207" type="stmt" count="0"/>
        <line num="208" type="stmt" count="0"/>
        <line num="209" type="stmt" count="0"/>
        <metrics loc="212" ncloc="203" classes="1" methods="14" coveredmethods="9" conditionals="0" coveredconditionals="0" statements="119" coveredstatements="60" elements="133" coveredelements="69"/>
      </file>
      <file name="D:\ESCRITORIO\UNIVERSIDAD\7mo ciclo\PRUEBAS Y CALIDAD DE SOFTWARE\PROYECTO NATURACOR\naturacor\app\Http\Controllers\Controller.php">
        <class name="App\Http\Controllers\Controller" namespace="App\Http\Controllers">
          <metrics complexity="0" methods="0" coveredmethods="0" conditionals="0" coveredconditionals="0" statements="0" coveredstatements="0" elements="0" coveredelements="0"/>
        </class>
        <metrics loc="9" ncloc="8" classes="0" methods="0" coveredmethods="0" conditionals="0" coveredconditionals="0" statements="0" coveredstatements="0" elements="0" coveredelements="0"/>
      </file>
      <file name="D:\ESCRITORIO\UNIVERSIDAD\7mo ciclo\PRUEBAS Y CALIDAD DE SOFTWARE\PROYECTO NATURACOR\naturacor\app\Http\Controllers\CordialController.php">
        <class name="App\Http\Controllers\CordialController" namespace="App\Http\Controllers">
          <metrics complexity="17" methods="4" coveredmethods="2" conditionals="0" coveredconditionals="0" statements="81" coveredstatements="67" elements="85" coveredelements="69"/>
        </class>
        <line num="16" type="method" name="index" visibility="public" complexity="2" crap="2.00" count="2"/>
        <line num="18" type="stmt" count="2"/>
        <line num="19" type="stmt" count="2"/>
        <line num="20" type="stmt" count="2"/>
        <line num="21" type="stmt" count="2"/>
        <line num="23" type="stmt" count="2"/>
        <line num="24" type="stmt" count="0"/>
        <line num="27" type="stmt" count="2"/>
        <line num="28" type="stmt" count="2"/>
        <line num="29" type="stmt" count="2"/>
        <line num="31" type="stmt" count="2"/>
        <line num="37" type="method" name="create" visibility="public" complexity="1" crap="1" count="1"/>
        <line num="39" type="stmt" count="1"/>
        <line num="40" type="stmt" count="1"/>
        <line num="41" type="stmt" count="1"/>
        <line num="47" type="method" name="store" visibility="public" complexity="13" crap="14.42" count="8"/>
        <line num="49" type="stmt" count="8"/>
        <line num="50" type="stmt" count="8"/>
        <line num="51" type="stmt" count="8"/>
        <line num="52" type="stmt" count="8"/>
        <line num="53" type="stmt" count="8"/>
        <line num="54" type="stmt" count="8"/>
        <line num="55" type="stmt" count="8"/>
        <line num="56" type="stmt" count="8"/>
        <line num="58" type="stmt" count="6"/>
        <line num="60" type="stmt" count="6"/>
        <line num="61" type="stmt" count="6"/>
        <line num="62" type="stmt" count="6"/>
        <line num="63" type="stmt" count="6"/>
        <line num="64" type="stmt" count="6"/>
        <line num="65" type="stmt" count="6"/>
        <line num="67" type="stmt" count="6"/>
        <line num="68" type="stmt" count="6"/>
        <line num="71" type="stmt" count="6"/>
        <line num="72" type="stmt" count="6"/>
        <line num="73" type="stmt" count="6"/>
        <line num="74" type="stmt" count="6"/>
        <line num="75" type="stmt" count="6"/>
        <line num="76" type="stmt" count="6"/>
        <line num="77" type="stmt" count="6"/>
        <line num="78" type="stmt" count="6"/>
        <line num="79" type="stmt" count="6"/>
        <line num="80" type="stmt" count="6"/>
        <line num="81" type="stmt" count="6"/>
        <line num="82" type="stmt" count="6"/>
        <line num="83" type="stmt" count="6"/>
        <line num="84" type="stmt" count="6"/>
        <line num="87" type="stmt" count="6"/>
        <line num="88" type="stmt" count="6"/>
        <line num="89" type="stmt" count="6"/>
        <line num="90" type="stmt" count="6"/>
        <line num="91" type="stmt" count="6"/>
        <line num="92" type="stmt" count="6"/>
        <line num="93" type="stmt" count="6"/>
        <line num="94" type="stmt" count="6"/>
        <line num="95" type="stmt" count="6"/>
        <line num="98" type="stmt" count="6"/>
        <line num="99" type="stmt" count="0"/>
        <line num="100" type="stmt" count="0"/>
        <line num="101" type="stmt" count="0"/>
        <line num="102" type="stmt" count="0"/>
        <line num="103" type="stmt" count="0"/>
        <line num="104" type="stmt" count="0"/>
        <line num="105" type="stmt" count="0"/>
        <line num="106" type="stmt" count="0"/>
        <line num="107" type="stmt" count="0"/>
        <line num="108" type="stmt" count="0"/>
        <line num="114" type="stmt" count="6"/>
        <line num="115" type="stmt" count="5"/>
        <line num="116" type="stmt" count="1"/>
        <line num="117" type="stmt" count="4"/>
        <line num="118" type="stmt" count="5"/>
        <line num="119" type="stmt" count="5"/>
        <line num="120" type="stmt" count="5"/>
        <line num="123" type="stmt" count="6"/>
        <line num="124" type="stmt" count="6"/>
        <line num="125" type="stmt" count="6"/>
        <line num="127" type="stmt" count="0"/>
        <line num="128" type="stmt" count="0"/>
        <line num="129" type="stmt" count="0"/>
        <line num="136" type="method" name="precios" visibility="public" complexity="1" crap="1" count="1"/>
        <line num="138" type="stmt" count="1"/>
        <line num="139" type="stmt" count="1"/>
        <line num="140" type="stmt" count="1"/>
        <line num="141" type="stmt" count="1"/>
        <metrics loc="144" ncloc="128" classes="1" methods="4" coveredmethods="2" conditionals="0" coveredconditionals="0" statements="81" coveredstatements="67" elements="85" coveredelements="69"/>
      </file>
      <file name="D:\ESCRITORIO\UNIVERSIDAD\7mo ciclo\PRUEBAS Y CALIDAD DE SOFTWARE\PROYECTO NATURACOR\naturacor\app\Http\Controllers\DashboardController.php">
        <class name="App\Http\Controllers\DashboardController" namespace="App\Http\Controllers">
          <metrics complexity="1" methods="1" coveredmethods="1" conditionals="0" coveredconditionals="0" statements="52" coveredstatements="52" elements="53" coveredelements="53"/>
        </class>
        <line num="17" type="method" name="index" visibility="public" complexity="1" crap="1" count="19"/>
        <line num="19" type="stmt" count="19"/>
        <line num="20" type="stmt" count="19"/>
        <line num="22" type="stmt" count="19"/>
        <line num="23" type="stmt" count="19"/>
        <line num="24" type="stmt" count="19"/>
        <line num="26" type="stmt" count="19"/>
        <line num="27" type="stmt" count="19"/>
        <line num="29" type="stmt" count="19"/>
        <line num="30" type="stmt" count="19"/>
        <line num="32" type="stmt" count="19"/>
        <line num="33" type="stmt" count="19"/>
        <line num="34" type="stmt" count="19"/>
        <line num="35" type="stmt" count="19"/>
        <line num="37" type="stmt" count="19"/>
        <line num="39" type="stmt" count="19"/>
        <line num="40" type="stmt" count="19"/>
        <line num="41" type="stmt" count="19"/>
        <line num="42" type="stmt" count="19"/>
        <line num="43" type="stmt" count="19"/>
        <line num="44" type="stmt" count="19"/>
        <line num="45" type="stmt" count="19"/>
        <line num="46" type="stmt" count="19"/>
        <line num="48" type="stmt" count="19"/>
        <line num="49" type="stmt" count="19"/>
        <line num="50" type="stmt" count="19"/>
        <line num="51" type="stmt" count="19"/>
        <line num="52" type="stmt" count="19"/>
        <line num="54" type="stmt" count="19"/>
        <line num="55" type="stmt" count="19"/>
        <line num="56" type="stmt" count="19"/>
        <line num="57" type="stmt" count="19"/>
        <line num="59" type="stmt" count="19"/>
        <line num="60" type="stmt" count="19"/>
        <line num="61" type="stmt" count="19"/>
        <line num="63" type="stmt" count="19"/>
        <line num="64" type="stmt" count="19"/>
        <line num="65" type="stmt" count="19"/>
        <line num="66" type="stmt" count="19"/>
        <line num="67" type="stmt" count="19"/>
        <line num="69" type="stmt" count="19"/>
        <line num="70" type="stmt" count="19"/>
        <line num="71" type="stmt" count="19"/>
        <line num="74" type="stmt" count="19"/>
        <line num="78" type="stmt" count="19"/>
        <line num="79" type="stmt" count="19"/>
        <line num="81" type="stmt" count="19"/>
        <line num="82" type="stmt" count="19"/>
        <line num="83" type="stmt" count="19"/>
        <line num="84" type="stmt" count="19"/>
        <line num="85" type="stmt" count="19"/>
        <line num="86" type="stmt" count="19"/>
        <line num="87" type="stmt" count="19"/>
        <metrics loc="90" ncloc="87" classes="1" methods="1" coveredmethods="1" conditionals="0" coveredconditionals="0" statements="52" coveredstatements="52" elements="53" coveredelements="53"/>
      </file>
      <file name="D:\ESCRITORIO\UNIVERSIDAD\7mo ciclo\PRUEBAS Y CALIDAD DE SOFTWARE\PROYECTO NATURACOR\naturacor\app\Http\Controllers\FidelizacionController.php">
        <class name="App\Http\Controllers\FidelizacionController" namespace="App\Http\Controllers">
          <metrics complexity="6" methods="2" coveredmethods="0" conditionals="0" coveredconditionals="0" statements="50" coveredstatements="44" elements="52" coveredelements="44"/>
        </class>
        <line num="14" type="method" name="index" visibility="public" complexity="3" crap="3.02" count="3"/>
        <line num="16" type="stmt" count="3"/>
        <line num="17" type="stmt" count="3"/>
        <line num="19" type="stmt" count="3"/>
        <line num="20" type="stmt" count="3"/>
        <line num="21" type="stmt" count="3"/>
        <line num="22" type="stmt" count="3"/>
        <line num="23" type="stmt" count="3"/>
        <line num="24" type="stmt" count="3"/>
        <line num="25" type="stmt" count="3"/>
        <line num="28" type="stmt" count="3"/>
        <line num="29" type="stmt" count="0"/>
        <line num="30" type="stmt" count="0"/>
        <line num="31" type="stmt" count="0"/>
        <line num="32" type="stmt" count="0"/>
        <line num="33" type="stmt" count="0"/>
        <line num="36" type="stmt" count="3"/>
        <line num="39" type="stmt" count="3"/>
        <line num="40" type="stmt" count="3"/>
        <line num="43" type="stmt" count="3"/>
        <line num="44" type="stmt" count="3"/>
        <line num="45" type="stmt" count="3"/>
        <line num="46" type="stmt" count="3"/>
        <line num="47" type="stmt" count="3"/>
        <line num="49" type="stmt" count="3"/>
        <line num="50" type="stmt" count="3"/>
        <line num="51" type="stmt" count="3"/>
        <line num="52" type="stmt" count="3"/>
        <line num="53" type="stmt" count="3"/>
        <line num="54" type="stmt" count="3"/>
        <line num="57" type="stmt" count="3"/>
        <line num="58" type="stmt" count="3"/>
        <line num="59" type="stmt" count="3"/>
        <line num="60" type="stmt" count="3"/>
        <line num="62" type="stmt" count="3"/>
        <line num="63" type="stmt" count="3"/>
        <line num="64" type="stmt" count="3"/>
        <line num="65" type="stmt" count="3"/>
        <line num="66" type="stmt" count="3"/>
        <line num="67" type="stmt" count="3"/>
        <line num="73" type="method" name="entregar" visibility="public" complexity="3" crap="3.01" count="1"/>
        <line num="75" type="stmt" count="1"/>
        <line num="76" type="stmt" count="1"/>
        <line num="77" type="stmt" count="1"/>
        <line num="78" type="stmt" count="1"/>
        <line num="81" type="stmt" count="1"/>
        <line num="82" type="stmt" count="1"/>
        <line num="83" type="stmt" count="1"/>
        <line num="84" type="stmt" count="1"/>
        <line num="86" type="stmt" count="1"/>
        <line num="87" type="stmt" count="0"/>
        <line num="90" type="stmt" count="1"/>
        <metrics loc="93" ncloc="82" classes="1" methods="2" coveredmethods="0" conditionals="0" coveredconditionals="0" statements="50" coveredstatements="44" elements="52" coveredelements="44"/>
      </file>
      <file name="D:\ESCRITORIO\UNIVERSIDAD\7mo ciclo\PRUEBAS Y CALIDAD DE SOFTWARE\PROYECTO NATURACOR\naturacor\app\Http\Controllers\HeatmapEnfermedadesController.php">
        <class name="App\Http\Controllers\HeatmapEnfermedadesController" namespace="App\Http\Controllers">
          <metrics complexity="4" methods="4" coveredmethods="4" conditionals="0" coveredconditionals="0" statements="43" coveredstatements="43" elements="47" coveredelements="47"/>
        </class>
        <line num="24" type="method" name="__construct" visibility="public" complexity="1" crap="1" count="4"/>
        <line num="26" type="stmt" count="4"/>
        <line num="28" type="method" name="index" visibility="public" complexity="1" crap="1" count="3"/>
        <line num="30" type="stmt" count="3"/>
        <line num="32" type="stmt" count="3"/>
        <line num="33" type="stmt" count="3"/>
        <line num="34" type="stmt" count="3"/>
        <line num="35" type="stmt" count="3"/>
        <line num="36" type="stmt" count="3"/>
        <line num="37" type="stmt" count="3"/>
        <line num="38" type="stmt" count="3"/>
        <line num="40" type="stmt" count="3"/>
        <line num="41" type="stmt" count="3"/>
        <line num="42" type="stmt" count="3"/>
        <line num="43" type="stmt" count="3"/>
        <line num="44" type="stmt" count="3"/>
        <line num="45" type="stmt" count="3"/>
        <line num="46" type="stmt" count="3"/>
        <line num="47" type="stmt" count="3"/>
        <line num="50" type="method" name="exportCsv" visibility="public" complexity="1" crap="1" count="1"/>
        <line num="52" type="stmt" count="1"/>
        <line num="54" type="stmt" count="1"/>
        <line num="55" type="stmt" count="1"/>
        <line num="56" type="stmt" count="1"/>
        <line num="57" type="stmt" count="1"/>
        <line num="58" type="stmt" count="1"/>
        <line num="59" type="stmt" count="1"/>
        <line num="60" type="stmt" count="1"/>
        <line num="62" type="stmt" count="1"/>
        <line num="63" type="stmt" count="1"/>
        <line num="64" type="stmt" count="1"/>
        <line num="65" type="stmt" count="1"/>
        <line num="66" type="stmt" count="1"/>
        <line num="67" type="stmt" count="1"/>
        <line num="68" type="stmt" count="1"/>
        <line num="70" type="stmt" count="1"/>
        <line num="71" type="stmt" count="1"/>
        <line num="72" type="stmt" count="1"/>
        <line num="73" type="stmt" count="1"/>
        <line num="79" type="method" name="parsearFiltros" visibility="private" complexity="1" crap="1" count="4"/>
        <line num="81" type="stmt" count="4"/>
        <line num="82" type="stmt" count="4"/>
        <line num="83" type="stmt" count="4"/>
        <line num="84" type="stmt" count="4"/>
        <line num="85" type="stmt" count="4"/>
        <line num="86" type="stmt" count="4"/>
        <line num="88" type="stmt" count="4"/>
        <metrics loc="91" ncloc="76" classes="1" methods="4" coveredmethods="4" conditionals="0" coveredconditionals="0" statements="43" coveredstatements="43" elements="47" coveredelements="47"/>
      </file>
      <file name="D:\ESCRITORIO\UNIVERSIDAD\7mo ciclo\PRUEBAS Y CALIDAD DE SOFTWARE\PROYECTO NATURACOR\naturacor\app\Http\Controllers\IAController.php">
        <class name="App\Http\Controllers\IAController" namespace="App\Http\Controllers">
          <metrics complexity="63" methods="14" coveredmethods="5" conditionals="0" coveredconditionals="0" statements="374" coveredstatements="203" elements="388" coveredelements="208"/>
        </class>
        <line num="21" type="method" name="__construct" visibility="public" complexity="1" crap="1" count="10"/>
        <line num="24" type="stmt" count="10"/>
        <line num="26" type="method" name="index" visibility="public" complexity="3" crap="3" count="4"/>
        <line num="28" type="stmt" count="4"/>
        <line num="29" type="stmt" count="4"/>
        <line num="30" type="stmt" count="4"/>
        <line num="31" type="stmt" count="4"/>
        <line num="32" type="stmt" count="4"/>
        <line num="34" type="stmt" count="4"/>
        <line num="35" type="stmt" count="4"/>
        <line num="36" type="stmt" count="4"/>
        <line num="37" type="stmt" count="4"/>
        <line num="40" type="stmt" count="4"/>
        <line num="41" type="stmt" count="4"/>
        <line num="42" type="stmt" count="4"/>
        <line num="43" type="stmt" count="4"/>
        <line num="44" type="stmt" count="4"/>
        <line num="45" type="stmt" count="4"/>
        <line num="47" type="stmt" count="4"/>
        <line num="50" type="method" name="analizar" visibility="public" complexity="6" crap="7.95" count="6"/>
        <line num="52" type="stmt" count="6"/>
        <line num="53" type="stmt" count="6"/>
        <line num="54" type="stmt" count="6"/>
        <line num="55" type="stmt" count="6"/>
        <line num="56" type="stmt" count="6"/>
        <line num="57" type="stmt" count="6"/>
        <line num="59" type="stmt" count="6"/>
        <line num="60" type="stmt" count="6"/>
        <line num="61" type="stmt" count="6"/>
        <line num="62" type="stmt" count="6"/>
        <line num="65" type="stmt" count="6"/>
        <line num="66" type="stmt" count="6"/>
        <line num="67" type="stmt" count="6"/>
        <line num="68" type="stmt" count="6"/>
        <line num="69" type="stmt" count="0"/>
        <line num="70" type="stmt" count="0"/>
        <line num="71" type="stmt" count="0"/>
        <line num="72" type="stmt" count="0"/>
        <line num="73" type="stmt" count="0"/>
        <line num="74" type="stmt" count="0"/>
        <line num="79" type="stmt" count="6"/>
        <line num="80" type="stmt" count="6"/>
        <line num="81" type="stmt" count="0"/>
        <line num="82" type="stmt" count="0"/>
        <line num="83" type="stmt" count="0"/>
        <line num="84" type="stmt" count="0"/>
        <line num="85" type="stmt" count="0"/>
        <line num="86" type="stmt" count="0"/>
        <line num="87" type="stmt" count="0"/>
        <line num="88" type="stmt" count="0"/>
        <line num="93" type="stmt" count="6"/>
        <line num="94" type="stmt" count="6"/>
        <line num="95" type="stmt" count="6"/>
        <line num="96" type="stmt" count="6"/>
        <line num="97" type="stmt" count="6"/>
        <line num="98" type="stmt" count="6"/>
        <line num="99" type="stmt" count="6"/>
        <line num="103" type="method" name="consultarGemini" visibility="private" complexity="3" crap="12" count="0"/>
        <line num="106" type="stmt" count="0"/>
        <line num="108" type="stmt" count="0"/>
        <line num="110" type="stmt" count="0"/>
        <line num="111" type="stmt" count="0"/>
        <line num="112" type="stmt" count="0"/>
        <line num="113" type="stmt" count="0"/>
        <line num="114" type="stmt" count="0"/>
        <line num="115" type="stmt" count="0"/>
        <line num="116" type="stmt" count="0"/>
        <line num="117" type="stmt" count="0"/>
        <line num="118" type="stmt" count="0"/>
        <line num="119" type="stmt" count="0"/>
        <line num="120" type="stmt" count="0"/>
        <line num="121" type="stmt" count="0"/>
        <line num="122" type="stmt" count="0"/>
        <line num="123" type="stmt" count="0"/>
        <line num="124" type="stmt" count="0"/>
        <line num="125" type="stmt" count="0"/>
        <line num="126" type="stmt" count="0"/>
        <line num="127" type="stmt" count="0"/>
        <line num="128" type="stmt" count="0"/>
        <line num="130" type="stmt" count="0"/>
        <line num="131" type="stmt" count="0"/>
        <line num="135" type="stmt" count="0"/>
        <line num="136" type="stmt" count="0"/>
        <line num="137" type="stmt" count="0"/>
        <line num="138" type="stmt" count="0"/>
        <line num="139" type="stmt" count="0"/>
        <line num="141" type="stmt" count="0"/>
        <line num="142" type="stmt" count="0"/>
        <line num="143" type="stmt" count="0"/>
        <line num="147" type="method" name="consultarGroq" visibility="private" complexity="3" crap="3.02" count="6"/>
        <line num="150" type="stmt" count="6"/>
        <line num="152" type="stmt" count="6"/>
        <line num="153" type="stmt" count="6"/>
        <line num="154" type="stmt" count="6"/>
        <line num="155" type="stmt" count="6"/>
        <line num="156" type="stmt" count="6"/>
        <line num="157" type="stmt" count="6"/>
        <line num="158" type="stmt" count="6"/>
        <line num="159" type="stmt" count="6"/>
        <line num="160" type="stmt" count="6"/>
        <line num="161" type="stmt" count="6"/>
        <line num="162" type="stmt" count="6"/>
        <line num="163" type="stmt" count="6"/>
        <line num="164" type="stmt" count="6"/>
        <line num="165" type="stmt" count="6"/>
        <line num="166" type="stmt" count="6"/>
        <line num="167" type="stmt" count="6"/>
        <line num="168" type="stmt" count="6"/>
        <line num="169" type="stmt" count="6"/>
        <line num="171" type="stmt" count="6"/>
        <line num="172" type="stmt" count="0"/>
        <line num="174" type="stmt" count="6"/>
        <line num="175" type="stmt" count="6"/>
        <line num="176" type="stmt" count="6"/>
        <line num="177" type="stmt" count="6"/>
        <line num="178" type="stmt" count="6"/>
        <line num="179" type="stmt" count="0"/>
        <line num="180" type="stmt" count="0"/>
        <line num="181" type="stmt" count="0"/>
        <line num="185" type="method" name="consultarOpenAI" visibility="private" complexity="3" crap="12" count="0"/>
        <line num="188" type="stmt" count="0"/>
        <line num="189" type="stmt" count="0"/>
        <line num="190" type="stmt" count="0"/>
        <line num="191" type="stmt" count="0"/>
        <line num="192" type="stmt" count="0"/>
        <line num="193" type="stmt" count="0"/>
        <line num="194" type="stmt" count="0"/>
        <line num="195" type="stmt" count="0"/>
        <line num="196" type="stmt" count="0"/>
        <line num="197" type="stmt" count="0"/>
        <line num="198" type="stmt" count="0"/>
        <line num="200" type="stmt" count="0"/>
        <line num="201" type="stmt" count="0"/>
        <line num="202" type="stmt" count="0"/>
        <line num="203" type="stmt" count="0"/>
        <line num="204" type="stmt" count="0"/>
        <line num="208" type="method" name="generarRespuestaInteligente" visibility="private" complexity="18" crap="45.73" count="6"/>
        <line num="210" type="stmt" count="6"/>
        <line num="211" type="stmt" count="6"/>
        <line num="213" type="stmt" count="6"/>
        <line num="215" type="stmt" count="6"/>
        <line num="216" type="stmt" count="0"/>
        <line num="217" type="stmt" count="0"/>
        <line num="218" type="stmt" count="0"/>
        <line num="219" type="stmt" count="0"/>
        <line num="220" type="stmt" count="0"/>
        <line num="221" type="stmt" count="0"/>
        <line num="222" type="stmt" count="0"/>
        <line num="223" type="stmt" count="0"/>
        <line num="226" type="stmt" count="0"/>
        <line num="228" type="stmt" count="0"/>
        <line num="229" type="stmt" count="0"/>
        <line num="230" type="stmt" count="0"/>
        <line num="231" type="stmt" count="0"/>
        <line num="232" type="stmt" count="0"/>
        <line num="235" type="stmt" count="0"/>
        <line num="237" type="stmt" count="0"/>
        <line num="241" type="stmt" count="6"/>
        <line num="242" type="stmt" count="1"/>
        <line num="243" type="stmt" count="1"/>
        <line num="244" type="stmt" count="0"/>
        <line num="245" type="stmt" count="0"/>
        <line num="248" type="stmt" count="1"/>
        <line num="250" type="stmt" count="5"/>
        <line num="251" type="stmt" count="0"/>
        <line num="252" type="stmt" count="0"/>
        <line num="253" type="stmt" count="0"/>
        <line num="254" type="stmt" count="0"/>
        <line num="255" type="stmt" count="0"/>
        <line num="258" type="stmt" count="0"/>
        <line num="260" type="stmt" count="5"/>
        <line num="261" type="stmt" count="1"/>
        <line num="262" type="stmt" count="1"/>
        <line num="263" type="stmt" count="1"/>
        <line num="264" type="stmt" count="1"/>
        <line num="265" type="stmt" count="4"/>
        <line num="266" type="stmt" count="1"/>
        <line num="267" type="stmt" count="1"/>
        <line num="268" type="stmt" count="1"/>
        <line num="269" type="stmt" count="1"/>
        <line num="270" type="stmt" count="0"/>
        <line num="274" type="stmt" count="3"/>
        <line num="275" type="stmt" count="3"/>
        <line num="276" type="stmt" count="3"/>
        <line num="277" type="stmt" count="3"/>
        <line num="278" type="stmt" count="3"/>
        <line num="279" type="stmt" count="3"/>
        <line num="280" type="stmt" count="3"/>
        <line num="281" type="stmt" count="3"/>
        <line num="282" type="stmt" count="3"/>
        <line num="283" type="stmt" count="0"/>
        <line num="287" type="stmt" count="6"/>
        <line num="288" type="stmt" count="6"/>
        <line num="289" type="stmt" count="6"/>
        <line num="290" type="stmt" count="6"/>
        <line num="293" type="stmt" count="6"/>
        <line num="296" type="method" name="generarRecomendaciones" visibility="private" complexity="6" crap="7.33" count="6"/>
        <line num="298" type="stmt" count="6"/>
        <line num="299" type="stmt" count="6"/>
        <line num="300" type="stmt" count="0"/>
        <line num="302" type="stmt" count="6"/>
        <line num="303" type="stmt" count="6"/>
        <line num="304" type="stmt" count="0"/>
        <line num="305" type="stmt" count="0"/>
        <line num="307" type="stmt" count="6"/>
        <line num="308" type="stmt" count="6"/>
        <line num="310" type="stmt" count="6"/>
        <line num="311" type="stmt" count="0"/>
        <line num="313" type="stmt" count="6"/>
        <line num="316" type="method" name="analizarNegocio" visibility="private" complexity="1" crap="1" count="10"/>
        <line num="318" type="stmt" count="10"/>
        <line num="319" type="stmt" count="10"/>
        <line num="320" type="stmt" count="10"/>
        <line num="322" type="stmt" count="10"/>
        <line num="323" type="stmt" count="10"/>
        <line num="324" type="stmt" count="10"/>
        <line num="326" type="stmt" count="10"/>
        <line num="327" type="stmt" count="10"/>
        <line num="328" type="stmt" count="10"/>
        <line num="329" type="stmt" count="10"/>
        <line num="330" type="stmt" count="10"/>
        <line num="331" type="stmt" count="10"/>
        <line num="332" type="stmt" count="10"/>
        <line num="333" type="stmt" count="10"/>
        <line num="336" type="stmt" count="10"/>
        <line num="337" type="stmt" count="10"/>
        <line num="338" type="stmt" count="10"/>
        <line num="339" type="stmt" count="10"/>
        <line num="340" type="stmt" count="10"/>
        <line num="341" type="stmt" count="10"/>
        <line num="342" type="stmt" count="10"/>
        <line num="343" type="stmt" count="10"/>
        <line num="344" type="stmt" count="10"/>
        <line num="345" type="stmt" count="10"/>
        <line num="346" type="stmt" count="10"/>
        <line num="347" type="stmt" count="10"/>
        <line num="348" type="stmt" count="10"/>
        <line num="349" type="stmt" count="10"/>
        <line num="350" type="stmt" count="10"/>
        <line num="351" type="stmt" count="10"/>
        <line num="352" type="stmt" count="10"/>
        <line num="353" type="stmt" count="10"/>
        <line num="354" type="stmt" count="10"/>
        <line num="355" type="stmt" count="10"/>
        <line num="356" type="stmt" count="10"/>
        <line num="357" type="stmt" count="10"/>
        <line num="358" type="stmt" count="10"/>
        <line num="359" type="stmt" count="10"/>
        <line num="360" type="stmt" count="10"/>
        <line num="361" type="stmt" count="10"/>
        <line num="362" type="stmt" count="10"/>
        <line num="363" type="stmt" count="10"/>
        <line num="364" type="stmt" count="10"/>
        <line num="365" type="stmt" count="10"/>
        <line num="366" type="stmt" count="10"/>
        <line num="367" type="stmt" count="10"/>
        <line num="368" type="stmt" count="10"/>
        <line num="369" type="stmt" count="10"/>
        <line num="370" type="stmt" count="10"/>
        <line num="371" type="stmt" count="10"/>
        <line num="372" type="stmt" count="10"/>
        <line num="373" type="stmt" count="10"/>
        <line num="374" type="stmt" count="10"/>
        <line num="375" type="stmt" count="10"/>
        <line num="377" type="stmt" count="10"/>
        <line num="378" type="stmt" count="10"/>
        <line num="379" type="stmt" count="10"/>
        <line num="381" type="stmt" count="10"/>
        <line num="382" type="stmt" count="10"/>
        <line num="383" type="stmt" count="10"/>
        <line num="385" type="stmt" count="10"/>
        <line num="386" type="stmt" count="10"/>
        <line num="387" type="stmt" count="10"/>
        <line num="390" type="method" name="formatearContexto" visibility="private" complexity="12" crap="31.59" count="6"/>
        <line num="392" type="stmt" count="6"/>
        <line num="393" type="stmt" count="6"/>
        <line num="394" type="stmt" count="6"/>
        <line num="395" type="stmt" count="6"/>
        <line num="396" type="stmt" count="6"/>
        <line num="399" type="stmt" count="6"/>
        <line num="400" type="stmt" count="6"/>
        <line num="401" type="stmt" count="1"/>
        <line num="402" type="stmt" count="1"/>
        <line num="403" type="stmt" count="1"/>
        <line num="404" type="stmt" count="1"/>
        <line num="408" type="stmt" count="6"/>
        <line num="409" type="stmt" count="0"/>
        <line num="410" type="stmt" count="0"/>
        <line num="411" type="stmt" count="0"/>
        <line num="412" type="stmt" count="0"/>
        <line num="413" type="stmt" count="0"/>
        <line num="414" type="stmt" count="0"/>
        <line num="415" type="stmt" count="0"/>
        <line num="416" type="stmt" count="0"/>
        <line num="417" type="stmt" count="0"/>
        <line num="419" type="stmt" count="0"/>
        <line num="425" type="stmt" count="6"/>
        <line num="426" type="stmt" count="6"/>
        <line num="427" type="stmt" count="6"/>
        <line num="428" type="stmt" count="0"/>
        <line num="429" type="stmt" count="0"/>
        <line num="430" type="stmt" count="0"/>
        <line num="431" type="stmt" count="0"/>
        <line num="432" type="stmt" count="0"/>
        <line num="435" type="stmt" count="6"/>
        <line num="436" type="stmt" count="0"/>
        <line num="437" type="stmt" count="0"/>
        <line num="438" type="stmt" count="0"/>
        <line num="441" type="stmt" count="6"/>
        <line num="444" type="method" name="construirPromptDinamico" visibility="private" complexity="1" crap="1" count="6"/>
        <line num="446" type="stmt" count="6"/>
        <line num="447" type="stmt" count="6"/>
        <line num="448" type="stmt" count="6"/>
        <line num="449" type="stmt" count="6"/>
        <line num="450" type="stmt" count="6"/>
        <line num="451" type="stmt" count="6"/>
        <line num="452" type="stmt" count="6"/>
        <line num="453" type="stmt" count="6"/>
        <line num="454" type="stmt" count="6"/>
        <line num="457" type="method" name="systemPromptBase" visibility="private" complexity="1" crap="1" count="6"/>
        <line num="459" type="stmt" count="6"/>
        <line num="460" type="stmt" count="6"/>
        <line num="461" type="stmt" count="6"/>
        <line num="464" type="method" name="construirContextoCliente" visibility="private" complexity="2" crap="5.56" count="6"/>
        <line num="466" type="stmt" count="6"/>
        <line num="467" type="stmt" count="6"/>
        <line num="470" type="stmt" count="0"/>
        <line num="471" type="stmt" count="0"/>
        <line num="472" type="stmt" count="0"/>
        <line num="474" type="stmt" count="0"/>
        <line num="475" type="stmt" count="0"/>
        <line num="476" type="stmt" count="0"/>
        <line num="477" type="stmt" count="0"/>
        <line num="478" type="stmt" count="0"/>
        <line num="479" type="stmt" count="0"/>
        <line num="481" type="stmt" count="0"/>
        <line num="482" type="stmt" count="0"/>
        <line num="483" type="stmt" count="0"/>
        <line num="484" type="stmt" count="0"/>
        <line num="485" type="stmt" count="0"/>
        <line num="487" type="stmt" count="0"/>
        <line num="488" type="stmt" count="0"/>
        <line num="489" type="stmt" count="0"/>
        <line num="490" type="stmt" count="0"/>
        <line num="491" type="stmt" count="0"/>
        <line num="492" type="stmt" count="0"/>
        <line num="493" type="stmt" count="0"/>
        <line num="494" type="stmt" count="0"/>
        <line num="495" type="stmt" count="0"/>
        <line num="496" type="stmt" count="0"/>
        <line num="497" type="stmt" count="0"/>
        <line num="499" type="stmt" count="0"/>
        <line num="500" type="stmt" count="0"/>
        <line num="501" type="stmt" count="0"/>
        <line num="502" type="stmt" count="0"/>
        <line num="503" type="stmt" count="0"/>
        <line num="504" type="stmt" count="0"/>
        <line num="505" type="stmt" count="0"/>
        <line num="506" type="stmt" count="0"/>
        <line num="507" type="stmt" count="0"/>
        <line num="508" type="stmt" count="0"/>
        <line num="509" type="stmt" count="0"/>
        <line num="510" type="stmt" count="0"/>
        <line num="511" type="stmt" count="0"/>
        <line num="512" type="stmt" count="0"/>
        <line num="513" type="stmt" count="0"/>
        <line num="514" type="stmt" count="0"/>
        <line num="515" type="stmt" count="0"/>
        <line num="516" type="stmt" count="0"/>
        <line num="517" type="stmt" count="0"/>
        <line num="518" type="stmt" count="0"/>
        <line num="519" type="stmt" count="0"/>
        <line num="520" type="stmt" count="0"/>
        <line num="521" type="stmt" count="0"/>
        <line num="522" type="stmt" count="0"/>
        <line num="523" type="stmt" count="0"/>
        <line num="524" type="stmt" count="0"/>
        <line num="527" type="method" name="verificarConexion" visibility="private" complexity="3" crap="6.09" count="4"/>
        <line num="530" type="stmt" count="4"/>
        <line num="531" type="stmt" count="4"/>
        <line num="532" type="stmt" count="4"/>
        <line num="533" type="stmt" count="0"/>
        <line num="535" type="stmt" count="0"/>
        <line num="536" type="stmt" count="0"/>
        <line num="537" type="stmt" count="0"/>
        <line num="538" type="stmt" count="0"/>
        <line num="539" type="stmt" count="0"/>
        <line num="540" type="stmt" count="0"/>
        <metrics loc="545" ncloc="532" classes="1" methods="14" coveredmethods="5" conditionals="0" coveredconditionals="0" statements="374" coveredstatements="203" elements="388" coveredelements="208"/>
      </file>
      <file name="D:\ESCRITORIO\UNIVERSIDAD\7mo ciclo\PRUEBAS Y CALIDAD DE SOFTWARE\PROYECTO NATURACOR\naturacor\app\Http\Controllers\ProductoController.php">
        <class name="App\Http\Controllers\ProductoController" namespace="App\Http\Controllers">
          <metrics complexity="23" methods="13" coveredmethods="4" conditionals="0" coveredconditionals="0" statements="89" coveredstatements="52" elements="102" coveredelements="56"/>
        </class>
        <line num="15" type="method" name="__construct" visibility="public" complexity="1" crap="1" count="9"/>
        <line num="17" type="stmt" count="9"/>
        <line num="18" type="method" name="index" visibility="public" complexity="5" crap="5.68" count="2"/>
        <line num="20" type="stmt" count="2"/>
        <line num="21" type="stmt" count="2"/>
        <line num="23" type="stmt" count="2"/>
        <line num="24" type="stmt" count="0"/>
        <line num="26" type="stmt" count="2"/>
        <line num="27" type="stmt" count="0"/>
        <line num="29" type="stmt" count="2"/>
        <line num="30" type="stmt" count="0"/>
        <line num="33" type="stmt" count="2"/>
        <line num="34" type="stmt" count="2"/>
        <line num="37" type="method" name="create" visibility="public" complexity="1" crap="2" count="0"/>
        <line num="39" type="stmt" count="0"/>
        <line num="40" type="stmt" count="0"/>
        <line num="43" type="method" name="store" visibility="public" complexity="3" crap="3.01" count="3"/>
        <line num="45" type="stmt" count="3"/>
        <line num="46" type="stmt" count="3"/>
        <line num="47" type="stmt" count="3"/>
        <line num="48" type="stmt" count="3"/>
        <line num="49" type="stmt" count="3"/>
        <line num="50" type="stmt" count="3"/>
        <line num="51" type="stmt" count="3"/>
        <line num="52" type="stmt" count="3"/>
        <line num="53" type="stmt" count="3"/>
        <line num="54" type="stmt" count="3"/>
        <line num="55" type="stmt" count="3"/>
        <line num="56" type="stmt" count="3"/>
        <line num="57" type="stmt" count="1"/>
        <line num="58" type="stmt" count="1"/>
        <line num="60" type="stmt" count="1"/>
        <line num="61" type="stmt" count="0"/>
        <line num="64" type="stmt" count="1"/>
        <line num="65" type="stmt" count="0"/>
        <line num="68" type="stmt" count="1"/>
        <line num="69" type="stmt" count="1"/>
        <line num="72" type="method" name="show" visibility="public" complexity="1" crap="2" count="0"/>
        <line num="74" type="stmt" count="0"/>
        <line num="77" type="method" name="edit" visibility="public" complexity="1" crap="1" count="1"/>
        <line num="79" type="stmt" count="1"/>
        <line num="80" type="stmt" count="1"/>
        <line num="83" type="method" name="update" visibility="public" complexity="2" crap="2.00" count="1"/>
        <line num="85" type="stmt" count="1"/>
        <line num="86" type="stmt" count="1"/>
        <line num="87" type="stmt" count="1"/>
        <line num="88" type="stmt" count="1"/>
        <line num="89" type="stmt" count="1"/>
        <line num="90" type="stmt" count="1"/>
        <line num="91" type="stmt" count="1"/>
        <line num="92" type="stmt" count="1"/>
        <line num="93" type="stmt" count="1"/>
        <line num="94" type="stmt" count="1"/>
        <line num="95" type="stmt" count="1"/>
        <line num="96" type="stmt" count="1"/>
        <line num="97" type="stmt" count="1"/>
        <line num="98" type="stmt" count="1"/>
        <line num="100" type="stmt" count="1"/>
        <line num="101" type="stmt" count="0"/>
        <line num="104" type="stmt" count="1"/>
        <line num="105" type="stmt" count="1"/>
        <line num="108" type="method" name="destroy" visibility="public" complexity="1" crap="1" count="1"/>
        <line num="110" type="stmt" count="1"/>
        <line num="111" type="stmt" count="1"/>
        <line num="115" type="method" name="buscar" visibility="public" complexity="1" crap="1" count="1"/>
        <line num="117" type="stmt" count="1"/>
        <line num="118" type="stmt" count="1"/>
        <line num="119" type="stmt" count="1"/>
        <line num="120" type="stmt" count="1"/>
        <line num="122" type="stmt" count="1"/>
        <line num="126" type="method" name="buscarBarcode" visibility="public" complexity="3" crap="12" count="0"/>
        <line num="128" type="stmt" count="0"/>
        <line num="129" type="stmt" count="0"/>
        <line num="130" type="stmt" count="0"/>
        <line num="133" type="stmt" count="0"/>
        <line num="134" type="stmt" count="0"/>
        <line num="135" type="stmt" count="0"/>
        <line num="137" type="stmt" count="0"/>
        <line num="138" type="stmt" count="0"/>
        <line num="141" type="stmt" count="0"/>
        <line num="144" type="method" name="exportar" visibility="public" complexity="1" crap="2" count="0"/>
        <line num="146" type="stmt" count="0"/>
        <line num="149" type="method" name="plantilla" visibility="public" complexity="1" crap="2" count="0"/>
        <line num="151" type="stmt" count="0"/>
        <line num="152" type="stmt" count="0"/>
        <line num="153" type="stmt" count="0"/>
        <line num="154" type="stmt" count="0"/>
        <line num="155" type="stmt" count="0"/>
        <line num="156" type="stmt" count="0"/>
        <line num="157" type="stmt" count="0"/>
        <line num="158" type="stmt" count="0"/>
        <line num="159" type="stmt" count="0"/>
        <line num="162" type="method" name="importar" visibility="public" complexity="2" crap="6" count="0"/>
        <line num="164" type="stmt" count="0"/>
        <line num="165" type="stmt" count="0"/>
        <line num="166" type="stmt" count="0"/>
        <line num="168" type="stmt" count="0"/>
        <line num="169" type="stmt" count="0"/>
        <line num="171" type="stmt" count="0"/>
        <line num="172" type="stmt" count="0"/>
        <line num="173" type="stmt" count="0"/>
        <line num="176" type="stmt" count="0"/>
        <metrics loc="179" ncloc="177" classes="1" methods="13" coveredmethods="4" conditionals="0" coveredconditionals="0" statements="89" coveredstatements="52" elements="102" coveredelements="56"/>
      </file>
      <file name="D:\ESCRITORIO\UNIVERSIDAD\7mo ciclo\PRUEBAS Y CALIDAD DE SOFTWARE\PROYECTO NATURACOR\naturacor\app\Http\Controllers\RecetarioController.php">
        <class name="App\Http\Controllers\RecetarioController" namespace="App\Http\Controllers">
          <metrics complexity="15" methods="10" coveredmethods="8" conditionals="0" coveredconditionals="0" statements="91" coveredstatements="89" elements="101" coveredelements="97"/>
        </class>
        <line num="15" type="method" name="index" visibility="public" complexity="2" crap="2" count="5"/>
        <line num="17" type="stmt" count="5"/>
        <line num="18" type="stmt" count="5"/>
        <line num="19" type="stmt" count="1"/>
        <line num="20" type="stmt" count="1"/>
        <line num="21" type="stmt" count="1"/>
        <line num="22" type="stmt" count="1"/>
        <line num="24" type="stmt" count="5"/>
        <line num="25" type="stmt" count="5"/>
        <line num="28" type="method" name="create" visibility="public" complexity="1" crap="1" count="1"/>
        <line num="30" type="stmt" count="1"/>
        <line num="31" type="stmt" count="1"/>
        <line num="34" type="method" name="store" visibility="public" complexity="3" crap="3" count="3"/>
        <line num="36" type="stmt" count="3"/>
        <line num="37" type="stmt" count="3"/>
        <line num="38" type="stmt" count="3"/>
[...]
        <line num="198" type="stmt" count="13"/>
        <line num="199" type="stmt" count="3"/>
        <line num="200" type="stmt" count="3"/>
        <line num="202" type="stmt" count="3"/>
        <line num="205" type="stmt" count="10"/>
        <line num="206" type="stmt" count="10"/>
        <line num="207" type="stmt" count="10"/>
        <line num="209" type="stmt" count="10"/>
        <line num="210" type="stmt" count="10"/>
        <line num="212" type="stmt" count="10"/>
        <line num="213" type="stmt" count="10"/>
        <line num="214" type="stmt" count="10"/>
        <line num="215" type="stmt" count="10"/>
        <line num="216" type="stmt" count="10"/>
        <line num="217" type="stmt" count="10"/>
        <line num="218" type="stmt" count="10"/>
        <line num="219" type="stmt" count="10"/>
        <line num="220" type="stmt" count="10"/>
        <line num="221" type="stmt" count="10"/>
        <line num="223" type="stmt" count="10"/>
        <line num="224" type="stmt" count="10"/>
        <line num="225" type="stmt" count="10"/>
        <line num="230" type="stmt" count="10"/>
        <line num="231" type="stmt" count="0"/>
        <line num="234" type="stmt" count="10"/>
        <line num="235" type="stmt" count="10"/>
        <line num="236" type="stmt" count="10"/>
        <line num="237" type="stmt" count="10"/>
        <line num="238" type="stmt" count="10"/>
        <line num="239" type="stmt" count="10"/>
        <line num="240" type="stmt" count="10"/>
        <line num="241" type="stmt" count="10"/>
        <line num="243" type="stmt" count="10"/>
        <line num="244" type="stmt" count="10"/>
        <line num="245" type="stmt" count="10"/>
        <line num="246" type="stmt" count="10"/>
        <line num="247" type="stmt" count="10"/>
        <line num="248" type="stmt" count="10"/>
        <line num="249" type="stmt" count="10"/>
        <line num="250" type="stmt" count="10"/>
        <line num="251" type="stmt" count="10"/>
        <line num="254" type="stmt" count="10"/>
        <line num="255" type="stmt" count="10"/>
        <line num="256" type="stmt" count="10"/>
        <line num="259" type="stmt" count="10"/>
        <line num="261" type="stmt" count="10"/>
        <line num="267" type="method" name="marcarPerfilVacioComprobado" visibility="private" complexity="1" crap="1" count="3"/>
        <line num="269" type="stmt" count="3"/>
        <line num="270" type="stmt" count="3"/>
        <line num="276" type="method" name="normalizarScore" visibility="private" complexity="3" crap="3.58" count="10"/>
        <line num="278" type="stmt" count="10"/>
        <line num="279" type="stmt" count="0"/>
        <line num="281" type="stmt" count="10"/>
        <line num="282" type="stmt" count="10"/>
        <line num="285" type="stmt" count="0"/>
        <metrics loc="288" ncloc="231" classes="1" methods="6" coveredmethods="3" conditionals="0" coveredconditionals="0" statements="143" coveredstatements="137" elements="149" coveredelements="140"/>
      </file>
      <file name="D:\ESCRITORIO\UNIVERSIDAD\7mo ciclo\PRUEBAS Y CALIDAD DE SOFTWARE\PROYECTO NATURACOR\naturacor\app\Services\Recommendation\RecomendacionEngine.php">
        <class name="App\Services\Recommendation\RecomendacionEngine" namespace="App\Services\Recommendation">
          <metrics complexity="65" methods="11" coveredmethods="5" conditionals="0" coveredconditionals="0" statements="302" coveredstatements="245" elements="313" coveredelements="250"/>
        </class>
        <line num="26" type="method" name="__construct" visibility="public" complexity="1" crap="1" count="22"/>
        <line num="29" type="stmt" count="22"/>
        <line num="53" type="method" name="recomendar" visibility="public" complexity="38" crap="43.18" count="10"/>
        <line num="60" type="stmt" count="10"/>
        <line num="61" type="stmt" count="10"/>
        <line num="63" type="stmt" count="10"/>
        <line num="64" type="stmt" count="10"/>
        <line num="68" type="stmt" count="10"/>
        <line num="69" type="stmt" count="3"/>
        <line num="70" type="stmt" count="3"/>
        <line num="71" type="stmt" count="2"/>
        <line num="72" type="stmt" count="2"/>
        <line num="73" type="stmt" count="2"/>
        <line num="74" type="stmt" count="2"/>
        <line num="76" type="stmt" count="2"/>
        <line num="78" type="stmt" count="7"/>
        <line num="79" type="stmt" count="5"/>
        <line num="82" type="stmt" count="10"/>
        <line num="83" type="stmt" count="10"/>
        <line num="84" type="stmt" count="10"/>
        <line num="86" type="stmt" count="10"/>
        <line num="87" type="stmt" count="10"/>
        <line num="88" type="stmt" count="10"/>
        <line num="89" type="stmt" count="10"/>
        <line num="90" type="stmt" count="10"/>
        <line num="92" type="stmt" count="10"/>
        <line num="93" type="stmt" count="10"/>
        <line num="95" type="stmt" count="10"/>
        <line num="97" type="stmt" count="10"/>
        <line num="98" type="stmt" count="10"/>
        <line num="100" type="stmt" count="10"/>
        <line num="101" type="stmt" count="10"/>
        <line num="102" type="stmt" count="10"/>
        <line num="103" type="stmt" count="10"/>
        <line num="104" type="stmt" count="10"/>
        <line num="105" type="stmt" count="10"/>
        <line num="106" type="stmt" count="10"/>
        <line num="111" type="stmt" count="10"/>
        <line num="112" type="stmt" count="10"/>
        <line num="113" type="stmt" count="10"/>
        <line num="114" type="stmt" count="3"/>
        <line num="115" type="stmt" count="3"/>
        <line num="116" type="stmt" count="3"/>
        <line num="117" type="stmt" count="3"/>
        <line num="118" type="stmt" count="3"/>
        <line num="120" type="stmt" count="3"/>
        <line num="121" type="stmt" count="3"/>
        <line num="122" type="stmt" count="3"/>
        <line num="123" type="stmt" count="3"/>
        <line num="127" type="stmt" count="10"/>
        <line num="130" type="stmt" count="10"/>
        <line num="131" type="stmt" count="7"/>
        <line num="132" type="stmt" count="7"/>
        <line num="133" type="stmt" count="7"/>
        <line num="134" type="stmt" count="7"/>
        <line num="135" type="stmt" count="7"/>
        <line num="136" type="stmt" count="7"/>
        <line num="137" type="stmt" count="7"/>
        <line num="138" type="stmt" count="7"/>
        <line num="139" type="stmt" count="7"/>
        <line num="140" type="stmt" count="7"/>
        <line num="141" type="stmt" count="7"/>
        <line num="142" type="stmt" count="7"/>
        <line num="143" type="stmt" count="7"/>
        <line num="144" type="stmt" count="7"/>
        <line num="145" type="stmt" count="7"/>
        <line num="146" type="stmt" count="7"/>
        <line num="147" type="stmt" count="7"/>
        <line num="149" type="stmt" count="7"/>
        <line num="150" type="stmt" count="7"/>
        <line num="151" type="stmt" count="7"/>
        <line num="152" type="stmt" count="7"/>
        <line num="153" type="stmt" count="7"/>
        <line num="154" type="stmt" count="7"/>
        <line num="155" type="stmt" count="7"/>
        <line num="156" type="stmt" count="7"/>
        <line num="160" type="stmt" count="7"/>
        <line num="161" type="stmt" count="7"/>
        <line num="163" type="stmt" count="7"/>
        <line num="164" type="stmt" count="7"/>
        <line num="165" type="stmt" count="7"/>
        <line num="167" type="stmt" count="7"/>
        <line num="168" type="stmt" count="7"/>
        <line num="171" type="stmt" count="0"/>
        <line num="174" type="stmt" count="7"/>
        <line num="175" type="stmt" count="7"/>
        <line num="176" type="stmt" count="7"/>
        <line num="177" type="stmt" count="7"/>
        <line num="178" type="stmt" count="7"/>
        <line num="179" type="stmt" count="7"/>
        <line num="180" type="stmt" count="7"/>
        <line num="181" type="stmt" count="7"/>
        <line num="182" type="stmt" count="3"/>
        <line num="183" type="stmt" count="4"/>
        <line num="185" type="stmt" count="7"/>
        <line num="186" type="stmt" count="7"/>
        <line num="188" type="stmt" count="7"/>
        <line num="189" type="stmt" count="0"/>
        <line num="192" type="stmt" count="7"/>
        <line num="193" type="stmt" count="7"/>
        <line num="194" type="stmt" count="7"/>
        <line num="195" type="stmt" count="7"/>
        <line num="196" type="stmt" count="7"/>
        <line num="197" type="stmt" count="7"/>
        <line num="198" type="stmt" count="7"/>
        <line num="199" type="stmt" count="7"/>
        <line num="200" type="stmt" count="7"/>
        <line num="201" type="stmt" count="7"/>
        <line num="206" type="stmt" count="10"/>
        <line num="207" type="stmt" count="10"/>
        <line num="208" type="stmt" count="7"/>
        <line num="210" type="stmt" count="4"/>
        <line num="211" type="stmt" count="0"/>
        <line num="214" type="stmt" count="4"/>
        <line num="215" type="stmt" count="4"/>
        <line num="216" type="stmt" count="4"/>
        <line num="217" type="stmt" count="4"/>
        <line num="218" type="stmt" count="4"/>
        <line num="219" type="stmt" count="4"/>
        <line num="220" type="stmt" count="4"/>
        <line num="221" type="stmt" count="4"/>
        <line num="222" type="stmt" count="4"/>
        <line num="223" type="stmt" count="4"/>
        <line num="224" type="stmt" count="4"/>
        <line num="226" type="stmt" count="4"/>
        <line num="227" type="stmt" count="0"/>
        <line num="230" type="stmt" count="4"/>
        <line num="231" type="stmt" count="4"/>
        <line num="232" type="stmt" count="4"/>
        <line num="233" type="stmt" count="4"/>
        <line num="235" type="stmt" count="4"/>
        <line num="236" type="stmt" count="4"/>
        <line num="237" type="stmt" count="3"/>
        <line num="240" type="stmt" count="4"/>
        <line num="241" type="stmt" count="4"/>
        <line num="242" type="stmt" count="4"/>
        <line num="243" type="stmt" count="4"/>
        <line num="244" type="stmt" count="3"/>
        <line num="247" type="stmt" count="4"/>
        <line num="248" type="stmt" count="4"/>
        <line num="249" type="stmt" count="4"/>
        <line num="250" type="stmt" count="4"/>
        <line num="251" type="stmt" count="4"/>
        <line num="252" type="stmt" count="4"/>
        <line num="253" type="stmt" count="4"/>
        <line num="254" type="stmt" count="4"/>
        <line num="259" type="stmt" count="10"/>
        <line num="260" type="stmt" count="3"/>
        <line num="261" type="stmt" count="3"/>
        <line num="262" type="stmt" count="3"/>
        <line num="263" type="stmt" count="3"/>
        <line num="265" type="stmt" count="3"/>
        <line num="266" type="stmt" count="0"/>
        <line num="267" type="stmt" count="0"/>
        <line num="268" type="stmt" count="0"/>
        <line num="269" type="stmt" count="0"/>
        <line num="270" type="stmt" count="0"/>
        <line num="271" type="stmt" count="0"/>
        <line num="272" type="stmt" count="0"/>
        <line num="273" type="stmt" count="0"/>
        <line num="274" type="stmt" count="0"/>
        <line num="275" type="stmt" count="0"/>
        <line num="276" type="stmt" count="0"/>
        <line num="278" type="stmt" count="0"/>
        <line num="279" type="stmt" count="0"/>
        <line num="280" type="stmt" count="0"/>
        <line num="281" type="stmt" count="0"/>
        <line num="282" type="stmt" count="0"/>
        <line num="284" type="stmt" count="0"/>
        <line num="286" type="stmt" count="0"/>
        <line num="287" type="stmt" count="0"/>
        <line num="288" type="stmt" count="0"/>
        <line num="289" type="stmt" count="0"/>
        <line num="290" type="stmt" count="0"/>
        <line num="291" type="stmt" count="0"/>
        <line num="292" type="stmt" count="0"/>
        <line num="293" type="stmt" count="0"/>
        <line num="294" type="stmt" count="0"/>
        <line num="295" type="stmt" count="0"/>
        <line num="300" type="stmt" count="10"/>
        <line num="301" type="stmt" count="10"/>
        <line num="302" type="stmt" count="10"/>
        <line num="303" type="stmt" count="10"/>
        <line num="304" type="stmt" count="10"/>
        <line num="306" type="stmt" count="10"/>
        <line num="307" type="stmt" count="10"/>
        <line num="308" type="stmt" count="10"/>
        <line num="309" type="stmt" count="10"/>
        <line num="310" type="stmt" count="0"/>
        <line num="312" type="stmt" count="10"/>
        <line num="313" type="stmt" count="10"/>
        <line num="314" type="stmt" count="10"/>
        <line num="315" type="stmt" count="10"/>
        <line num="316" type="stmt" count="10"/>
        <line num="317" type="stmt" count="10"/>
        <line num="318" type="stmt" count="10"/>
        <line num="319" type="stmt" count="10"/>
        <line num="322" type="stmt" count="10"/>
        <line num="323" type="stmt" count="10"/>
        <line num="324" type="stmt" count="10"/>
        <line num="325" type="stmt" count="10"/>
        <line num="326" type="stmt" count="10"/>
        <line num="327" type="stmt" count="10"/>
        <line num="328" type="stmt" count="10"/>
        <line num="329" type="stmt" count="10"/>
        <line num="330" type="stmt" count="10"/>
        <line num="331" type="stmt" count="10"/>
        <line num="332" type="stmt" count="10"/>
        <line num="333" type="stmt" count="10"/>
        <line num="337" type="stmt" count="10"/>
        <line num="338" type="stmt" count="8"/>
        <line num="341" type="stmt" count="10"/>
        <line num="348" type="method" name="seleccionarDiverso" visibility="private" complexity="11" crap="12.63" count="10"/>
        <line num="350" type="stmt" count="10"/>
        <line num="351" type="stmt" count="10"/>
        <line num="352" type="stmt" count="0"/>
        <line num="355" type="stmt" count="10"/>
        <line num="356" type="stmt" count="10"/>
        <line num="358" type="stmt" count="10"/>
        <line num="359" type="stmt" count="10"/>
        <line num="360" type="stmt" count="0"/>
        <line num="362" type="stmt" count="10"/>
        <line num="363" type="stmt" count="10"/>
        <line num="364" type="stmt" count="0"/>
        <line num="366" type="stmt" count="10"/>
        <line num="367" type="stmt" count="10"/>
        <line num="368" type="stmt" count="7"/>
        <line num="372" type="stmt" count="10"/>
        <line num="373" type="stmt" count="10"/>
        <line num="374" type="stmt" count="10"/>
        <line num="375" type="stmt" count="0"/>
        <line num="377" type="stmt" count="10"/>
        <line num="378" type="stmt" count="0"/>
        <line num="383" type="stmt" count="10"/>
        <line num="389" type="method" name="productosCompradosRecientemente" visibility="private" complexity="2" crap="4.60" count="10"/>
        <line num="391" type="stmt" count="10"/>
        <line num="392" type="stmt" count="10"/>
        <line num="395" type="stmt" count="0"/>
        <line num="396" type="stmt" count="0"/>
        <line num="397" type="stmt" count="0"/>
        <line num="398" type="stmt" count="0"/>
        <line num="399" type="stmt" count="0"/>
        <line num="400" type="stmt" count="0"/>
        <line num="401" type="stmt" count="0"/>
        <line num="402" type="stmt" count="0"/>
        <line num="403" type="stmt" count="0"/>
        <line num="404" type="stmt" count="0"/>
        <line num="405" type="stmt" count="0"/>
        <line num="406" type="stmt" count="0"/>
        <line num="407" type="stmt" count="0"/>
        <line num="424" type="method" name="invalidarCacheCliente" visibility="public" complexity="1" crap="2" count="0"/>
        <line num="426" type="stmt" count="0"/>
        <line num="427" type="stmt" count="0"/>
        <line num="428" type="stmt" count="0"/>
        <line num="429" type="stmt" count="0"/>
        <line num="432" type="method" name="cacheKeyClienteVersion" visibility="private" complexity="1" crap="1" count="10"/>
        <line num="434" type="stmt" count="10"/>
        <line num="437" type="method" name="cacheKeyRecomendacion" visibility="private" complexity="2" crap="2" count="10"/>
        <line num="439" type="stmt" count="10"/>
        <line num="440" type="stmt" count="10"/>
        <line num="442" type="stmt" count="10"/>
        <line num="445" type="method" name="textoTendenciaSucursal" visibility="private" complexity="2" crap="2.15" count="10"/>
        <line num="447" type="stmt" count="10"/>
        <line num="448" type="stmt" count="10"/>
        <line num="451" type="stmt" count="0"/>
        <line num="461" type="method" name="textoCoocurrencia" visibility="private" complexity="5" crap="5.01" count="3"/>
        <line num="463" type="stmt" count="3"/>
        <line num="464" type="stmt" count="3"/>
        <line num="468" type="stmt" count="3"/>
        <line num="469" type="stmt" count="3"/>
        <line num="470" type="stmt" count="3"/>
        <line num="471" type="stmt" count="3"/>
        <line num="472" type="stmt" count="3"/>
        <line num="473" type="stmt" count="3"/>
        <line num="474" type="stmt" count="3"/>
        <line num="475" type="stmt" count="3"/>
        <line num="476" type="stmt" count="3"/>
        <line num="477" type="stmt" count="3"/>
        <line num="478" type="stmt" count="3"/>
        <line num="480" type="stmt" count="3"/>
        <line num="481" type="stmt" count="3"/>
        <line num="482" type="stmt" count="3"/>
        <line num="483" type="stmt" count="0"/>
        <line num="484" type="stmt" count="3"/>
        <line num="485" type="stmt" count="3"/>
        <line num="488" type="stmt" count="3"/>
        <line num="490" type="stmt" count="3"/>
        <line num="491" type="stmt" count="3"/>
        <line num="493" type="stmt" count="3"/>
        <line num="496" type="stmt" count="0"/>
        <line num="505" type="method" name="unidadesVendidasRecientesPorSucursal" visibility="private" complexity="1" crap="1" count="10"/>
        <line num="507" type="stmt" count="10"/>
        <line num="509" type="stmt" count="10"/>
        <line num="510" type="stmt" count="10"/>
        <line num="511" type="stmt" count="10"/>
        <line num="512" type="stmt" count="10"/>
        <line num="513" type="stmt" count="10"/>
        <line num="514" type="stmt" count="10"/>
        <line num="515" type="stmt" count="10"/>
        <line num="516" type="stmt" count="10"/>
        <line num="517" type="stmt" count="10"/>
        <line num="518" type="stmt" count="10"/>
        <line num="519" type="stmt" count="10"/>
        <line num="525" type="method" name="serializarProducto" visibility="private" complexity="1" crap="1" count="10"/>
        <line num="527" type="stmt" count="10"/>
        <line num="528" type="stmt" count="10"/>
        <line num="529" type="stmt" count="10"/>
        <line num="530" type="stmt" count="10"/>
        <line num="531" type="stmt" count="10"/>
        <line num="532" type="stmt" count="10"/>
        <line num="533" type="stmt" count="10"/>
        <line num="534" type="stmt" count="10"/>
        <line num="535" type="stmt" count="10"/>
        <metrics loc="538" ncloc="450" classes="1" methods="11" coveredmethods="5" conditionals="0" coveredconditionals="0" statements="302" coveredstatements="245" elements="313" coveredelements="250"/>
      </file>
    </package>
    <metrics files="72" loc="7799" ncloc="6716" classes="69" methods="290" coveredmethods="149" conditionals="0" coveredconditionals="0" statements="3519" coveredstatements="2752" elements="3809" coveredelements="2901"/>
  </project>
</coverage>
